<?xml version="1.0" encoding="UTF-8" standalone="yes"?>
<ns2:test-suite start="1559514330641" stop="1559514530026" version="1.5.4" xmlns:ns2="urn:model.allure.qatools.yandex.ru">
    <name>Gradle suite : Gradle test</name>
    <title>Gradle suite : Gradle test</title>
    <test-cases>
        <test-case start="1559514411524" stop="1559514528772" status="broken">
            <name>logInAndSendEmail[sonyachanter@gmail.com,sonichka13]</name>
            <failure>
                <message>IndexOutOfBoundsException: Index: 0, Size: 0</message>
                <stack-trace>java.lang.IndexOutOfBoundsException: Index: 0, Size: 0
	at java.util.ArrayList.rangeCheck(ArrayList.java:657)
	at java.util.ArrayList.get(ArrayList.java:433)
	at sun.reflect.NativeMethodAccessorImpl.invoke0(Native Method)
	at sun.reflect.NativeMethodAccessorImpl.invoke(NativeMethodAccessorImpl.java:62)
	at sun.reflect.DelegatingMethodAccessorImpl.invoke(DelegatingMethodAccessorImpl.java:43)
	at java.lang.reflect.Method.invoke(Method.java:498)
	at com.sofia.decorators.customdecotator.LocatingCustomElementListHandler.invoke(LocatingCustomElementListHandler.java:36)
	at com.sun.proxy.$Proxy31.get(Unknown Source)
	at com.sofia.pageobjects.gmailpages.GmailHomePage.lambda$checkEmailsBoxes$0(GmailHomePage.java:45)
	at org.openqa.selenium.support.ui.FluentWait.until(FluentWait.java:208)
	at com.sofia.pageobjects.gmailpages.GmailHomePage.checkEmailsBoxes(GmailHomePage.java:44)
	at com.sofia.businesslayer.HomeEmailPageBO.deleteCheckedEmails(HomeEmailPageBO.java:14)
	at com.sofia.GmailUndoDeleteEmailsTest.logInAndSendEmail(GmailUndoDeleteEmailsTest.java:48)
	at sun.reflect.NativeMethodAccessorImpl.invoke0(Native Method)
	at sun.reflect.NativeMethodAccessorImpl.invoke(NativeMethodAccessorImpl.java:62)
	at sun.reflect.DelegatingMethodAccessorImpl.invoke(DelegatingMethodAccessorImpl.java:43)
	at java.lang.reflect.Method.invoke(Method.java:498)
	at org.testng.internal.MethodInvocationHelper.invokeMethod(MethodInvocationHelper.java:124)
	at org.testng.internal.Invoker.invokeMethod(Invoker.java:583)
	at org.testng.internal.Invoker.invokeTestMethod(Invoker.java:719)
	at org.testng.internal.TestMethodWithDataProviderMethodWorker.call(TestMethodWithDataProviderMethodWorker.java:71)
	at org.testng.internal.TestMethodWithDataProviderMethodWorker.call(TestMethodWithDataProviderMethodWorker.java:14)
	at java.util.concurrent.FutureTask.run(FutureTask.java:266)
	at java.util.concurrent.Executors$RunnableAdapter.call(Executors.java:511)
	at java.util.concurrent.FutureTask.run(FutureTask.java:266)
	at java.util.concurrent.ThreadPoolExecutor.runWorker(ThreadPoolExecutor.java:1149)
	at java.util.concurrent.ThreadPoolExecutor$Worker.run(ThreadPoolExecutor.java:624)
	at java.lang.Thread.run(Thread.java:748)
</stack-trace>
            </failure>
            <steps/>
            <attachments/>
            <labels>
                <label name="host" value="DESKTOP-OFQ7EK4"/>
                <label name="thread" value="9272@DESKTOP-OFQ7EK4.TestNG-PoolService-0(15)"/>
            </labels>
        </test-case>
    </test-cases>
    <labels>
        <label name="framework" value="TestNG"/>
        <label name="language" value="JAVA"/>
    </labels>
</ns2:test-suite>
