<?xml version="1.0" encoding="UTF-8"?>
<testsuite name="com.sofia.GmailUndoDeleteEmailsTest" tests="1" skipped="0" failures="1" errors="0" timestamp="2019-06-02T22:26:51" hostname="DESKTOP-OFQ7EK4" time="117.128">
  <properties/>
  <testcase name="logInAndSendEmail[0](sonyachanter@gmail.com, sonichka13)" classname="com.sofia.GmailUndoDeleteEmailsTest" time="117.128">
    <failure message="java.lang.IndexOutOfBoundsException: Index: 0, Size: 0" type="java.lang.IndexOutOfBoundsException">java.lang.IndexOutOfBoundsException: Index: 0, Size: 0
	at java.util.ArrayList.rangeCheck(ArrayList.java:657)
	at java.util.ArrayList.get(ArrayList.java:433)
	at sun.reflect.NativeMethodAccessorImpl.invoke0(Native Method)
	at sun.reflect.NativeMethodAccessorImpl.invoke(NativeMethodAccessorImpl.java:62)
	at sun.reflect.DelegatingMethodAccessorImpl.invoke(DelegatingMethodAccessorImpl.java:43)
	at java.lang.reflect.Method.invoke(Method.java:498)
	at com.sofia.decorators.customdecotator.LocatingCustomElementListHandler.invoke(LocatingCustomElementListHandler.java:36)
	at com.sun.proxy.$Proxy31.get(Unknown Source)
	at com.sofia.pageobjects.gmailpages.GmailHomePage.lambda$checkEmailsBoxes$0(GmailHomePage.java:45)
	at org.openqa.selenium.support.ui.FluentWait.until(FluentWait.java:208)
	at com.sofia.pageobjects.gmailpages.GmailHomePage.checkEmailsBoxes(GmailHomePage.java:44)
	at com.sofia.businesslayer.HomeEmailPageBO.deleteCheckedEmails(HomeEmailPageBO.java:14)
	at com.sofia.GmailUndoDeleteEmailsTest.logInAndSendEmail(GmailUndoDeleteEmailsTest.java:48)
	at sun.reflect.NativeMethodAccessorImpl.invoke0(Native Method)
	at sun.reflect.NativeMethodAccessorImpl.invoke(NativeMethodAccessorImpl.java:62)
	at sun.reflect.DelegatingMethodAccessorImpl.invoke(DelegatingMethodAccessorImpl.java:43)
	at java.lang.reflect.Method.invoke(Method.java:498)
	at org.testng.internal.MethodInvocationHelper.invokeMethod(MethodInvocationHelper.java:124)
	at org.testng.internal.Invoker.invokeMethod(Invoker.java:583)
	at org.testng.internal.Invoker.invokeTestMethod(Invoker.java:719)
	at org.testng.internal.TestMethodWithDataProviderMethodWorker.call(TestMethodWithDataProviderMethodWorker.java:71)
	at org.testng.internal.TestMethodWithDataProviderMethodWorker.call(TestMethodWithDataProviderMethodWorker.java:14)
	at java.util.concurrent.FutureTask.run(FutureTask.java:266)
	at java.util.concurrent.Executors$RunnableAdapter.call(Executors.java:511)
	at java.util.concurrent.FutureTask.run(FutureTask.java:266)
	at java.util.concurrent.ThreadPoolExecutor.runWorker(ThreadPoolExecutor.java:1149)
	at java.util.concurrent.ThreadPoolExecutor$Worker.run(ThreadPoolExecutor.java:624)
	at java.lang.Thread.run(Thread.java:748)
</failure>
  </testcase>
  <system-out><![CDATA[?[32mINFO ?[m ?[34m2019-06-03 01:26:52.548?[m LoginBO:13 - ?[32m15 sonyachanter@gmail.com Making username input?[m 
?[32mINFO ?[m ?[34m2019-06-03 01:27:01.916?[m LoginBO:15 - ?[32m15 sonyachanter@gmail.com Username Correct. Making password input?[m 
?[32mINFO ?[m ?[34m2019-06-03 01:27:04.938?[m LoginBO:17 - ?[32m15 sonyachanter@gmail.com Log in successfully!?[m 
?[32mINFO ?[m ?[34m2019-06-03 01:27:05.493?[m HomeEmailPageBO:13 - ?[32m15 There are enough messages to delete?[m 
]]></system-out>
  <system-err><![CDATA[Starting ChromeDriver 74.0.3729.6 (255758eccf3d244491b8a1317aa76e1ce10d57e9-refs/branch-heads/3729@{#29}) on port 28026
Only local connections are allowed.
Please protect ports used by ChromeDriver and related test frameworks to prevent access by malicious code.
[1559514363.776][WARNING]: Timed out connecting to Chrome, retrying...
черв. 03, 2019 1:26:07 AM org.openqa.selenium.remote.ProtocolHandshake createSession
INFO: Detected dialect: OSS
]]></system-err>
</testsuite>
