<?xml version="1.0" encoding="UTF-8"?>
<testsuite name="GmailPageTest" tests="5" skipped="0" failures="1" errors="0" timestamp="2019-05-30T18:12:50" hostname="MOY-PC" time="102.297">
  <properties/>
  <testcase name="correctlySavedDataTest[0](1234454n@gmail.com, 1401198n, stepankish@gmail.com, Test1, Hello my friend)" classname="GmailPageTest" time="64.764">
    <failure message="org.openqa.selenium.TimeoutException: Expected condition failed: waiting for element to be clickable: By.name: password (tried for 30 second(s) with 500 milliseconds interval)&#10;Build info: version: '3.13.0', revision: '2f0d292', time: '2018-06-25T15:24:21.231Z'&#10;System info: host: 'MOY-PC', ip: '192.168.1.6', os.name: 'Windows 10', os.arch: 'amd64', os.version: '10.0', java.version: '12.0.1'&#10;Driver info: org.openqa.selenium.chrome.ChromeDriver&#10;Capabilities {acceptInsecureCerts: false, acceptSslCerts: false, applicationCacheEnabled: false, browserConnectionEnabled: false, browserName: chrome, chrome: {chromedriverVersion: 74.0.3729.6 (255758eccf3d24..., userDataDir: C:\TEMP\scoped_dir7852_19671}, cssSelectorsEnabled: true, databaseEnabled: false, goog:chromeOptions: {debuggerAddress: localhost:50013}, handlesAlerts: true, hasTouchScreen: false, javascriptEnabled: true, locationContextEnabled: true, mobileEmulationEnabled: false, nativeEvents: true, networkConnectionEnabled: false, pageLoadStrategy: normal, platform: XP, platformName: XP, proxy: Proxy(), rotatable: false, setWindowRect: true, strictFileInteractability: false, takesHeapSnapshot: true, takesScreenshot: true, timeouts: {implicit: 0, pageLoad: 300000, script: 30000}, unexpectedAlertBehaviour: ignore, unhandledPromptBehavior: ignore, version: 74.0.3729.169, webStorageEnabled: true}&#10;Session ID: dbd85f557c8c2a114e0289dedded1a6b" type="org.openqa.selenium.TimeoutException">org.openqa.selenium.TimeoutException: Expected condition failed: waiting for element to be clickable: By.name: password (tried for 30 second(s) with 500 milliseconds interval)
Build info: version: '3.13.0', revision: '2f0d292', time: '2018-06-25T15:24:21.231Z'
System info: host: 'MOY-PC', ip: '192.168.1.6', os.name: 'Windows 10', os.arch: 'amd64', os.version: '10.0', java.version: '12.0.1'
Driver info: org.openqa.selenium.chrome.ChromeDriver
Capabilities {acceptInsecureCerts: false, acceptSslCerts: false, applicationCacheEnabled: false, browserConnectionEnabled: false, browserName: chrome, chrome: {chromedriverVersion: 74.0.3729.6 (255758eccf3d24..., userDataDir: C:\TEMP\scoped_dir7852_19671}, cssSelectorsEnabled: true, databaseEnabled: false, goog:chromeOptions: {debuggerAddress: localhost:50013}, handlesAlerts: true, hasTouchScreen: false, javascriptEnabled: true, locationContextEnabled: true, mobileEmulationEnabled: false, nativeEvents: true, networkConnectionEnabled: false, pageLoadStrategy: normal, platform: XP, platformName: XP, proxy: Proxy(), rotatable: false, setWindowRect: true, strictFileInteractability: false, takesHeapSnapshot: true, takesScreenshot: true, timeouts: {implicit: 0, pageLoad: 300000, script: 30000}, unexpectedAlertBehaviour: ignore, unhandledPromptBehavior: ignore, version: 74.0.3729.169, webStorageEnabled: true}
Session ID: dbd85f557c8c2a114e0289dedded1a6b
	at org.openqa.selenium.support.ui.WebDriverWait.timeoutException(WebDriverWait.java:81)
	at org.openqa.selenium.support.ui.FluentWait.until(FluentWait.java:271)
	at pages.LoginPage.typePassword(LoginPage.java:31)
	at business.LoginPageBO.login(LoginPageBO.java:14)
	at GmailPageTest.correctlySavedDataTest(GmailPageTest.java:32)
	at java.base/jdk.internal.reflect.NativeMethodAccessorImpl.invoke0(Native Method)
	at java.base/jdk.internal.reflect.NativeMethodAccessorImpl.invoke(NativeMethodAccessorImpl.java:62)
	at java.base/jdk.internal.reflect.DelegatingMethodAccessorImpl.invoke(DelegatingMethodAccessorImpl.java:43)
	at java.base/java.lang.reflect.Method.invoke(Method.java:567)
	at org.testng.internal.MethodInvocationHelper.invokeMethod(MethodInvocationHelper.java:131)
	at org.testng.internal.TestInvoker.invokeMethod(TestInvoker.java:570)
	at org.testng.internal.TestInvoker.invokeTestMethod(TestInvoker.java:170)
	at org.testng.internal.TestMethodWithDataProviderMethodWorker.call(TestMethodWithDataProviderMethodWorker.java:77)
	at org.testng.internal.TestMethodWithDataProviderMethodWorker.call(TestMethodWithDataProviderMethodWorker.java:15)
	at java.base/java.util.concurrent.FutureTask.run(FutureTask.java:264)
	at java.base/java.util.concurrent.Executors$RunnableAdapter.call(Executors.java:515)
	at java.base/java.util.concurrent.FutureTask.run(FutureTask.java:264)
	at java.base/java.util.concurrent.ThreadPoolExecutor.runWorker(ThreadPoolExecutor.java:1128)
	at java.base/java.util.concurrent.ThreadPoolExecutor$Worker.run(ThreadPoolExecutor.java:628)
	at java.base/java.lang.Thread.run(Thread.java:835)
</failure>
  </testcase>
  <testcase name="correctlySavedDataTest[0](4225643n@gmail.com, 2705197n, stepankish@gmail.com, Test4, Please send me your answer)" classname="GmailPageTest" time="93.537"/>
  <testcase name="correctlySavedDataTest[0](4323234n@gmail.com, 2705197n, stepankish@gmail.com, Test3, If you like this)" classname="GmailPageTest" time="95.301"/>
  <testcase name="correctlySavedDataTest[0](1401test2705@gmail.com, 1401198n, stepankish@gmail.com, Test5, To my viber account)" classname="GmailPageTest" time="101.897"/>
  <testcase name="correctlySavedDataTest[0](3242123n@gmail.com, 1401198n, stepankish@gmail.com, Test2, Please read the text below)" classname="GmailPageTest" time="102.029"/>
  <system-out><![CDATA[2019-05-30 21:13:55,517 [TestNG-PoolService-3] INFO  business.LoginPageBO - The draft was created
2019-05-30 21:13:55,749 [TestNG-PoolService-2] INFO  business.LoginPageBO - The draft was created
2019-05-30 21:13:58,661 [TestNG-PoolService-3] INFO  business.LoginPageBO - The draft was open
2019-05-30 21:13:59,769 [TestNG-PoolService-3] INFO  GmailPageTest - Saved email address equals to entered
2019-05-30 21:13:59,973 [TestNG-PoolService-2] INFO  business.LoginPageBO - The draft was open
2019-05-30 21:14:00,257 [TestNG-PoolService-3] INFO  GmailPageTest - Saved subject of letter equals to entered
2019-05-30 21:14:00,521 [TestNG-PoolService-3] INFO  GmailPageTest - Saved text message equals to entered
2019-05-30 21:14:00,565 [TestNG-PoolService-2] INFO  GmailPageTest - Saved email address equals to entered
2019-05-30 21:14:00,789 [TestNG-PoolService-2] INFO  GmailPageTest - Saved subject of letter equals to entered
2019-05-30 21:14:01,085 [TestNG-PoolService-2] INFO  GmailPageTest - Saved text message equals to entered
2019-05-30 21:14:05,285 [TestNG-PoolService-4] INFO  business.LoginPageBO - The draft was created
2019-05-30 21:14:05,877 [TestNG-PoolService-1] INFO  business.LoginPageBO - The draft was created
2019-05-30 21:14:08,961 [TestNG-PoolService-4] INFO  business.LoginPageBO - The draft was open
2019-05-30 21:14:09,173 [TestNG-PoolService-4] INFO  GmailPageTest - Saved email address equals to entered
2019-05-30 21:14:09,233 [TestNG-PoolService-4] INFO  GmailPageTest - Saved subject of letter equals to entered
2019-05-30 21:14:09,273 [TestNG-PoolService-4] INFO  GmailPageTest - Saved text message equals to entered
2019-05-30 21:14:09,637 [TestNG-PoolService-1] INFO  business.LoginPageBO - The draft was open
2019-05-30 21:14:09,849 [TestNG-PoolService-1] INFO  GmailPageTest - Saved email address equals to entered
2019-05-30 21:14:09,933 [TestNG-PoolService-1] INFO  GmailPageTest - Saved subject of letter equals to entered
2019-05-30 21:14:09,989 [TestNG-PoolService-1] INFO  GmailPageTest - Saved text message equals to entered
2019-05-30 21:14:24,230 [TestNG-PoolService-3] INFO  business.LoginPageBO - The letter has been sent
2019-05-30 21:14:25,978 [TestNG-PoolService-2] INFO  business.LoginPageBO - The letter has been sent
2019-05-30 21:14:32,178 [TestNG-PoolService-4] INFO  business.LoginPageBO - The letter has been sent
2019-05-30 21:14:32,750 [TestNG-PoolService-1] INFO  business.LoginPageBO - The letter has been sent
]]></system-out>
  <system-err><![CDATA[Starting ChromeDriver 74.0.3729.6 (255758eccf3d244491b8a1317aa76e1ce10d57e9-refs/branch-heads/3729@{#29}) on port 4563
Only local connections are allowed.
Please protect ports used by ChromeDriver and related test frameworks to prevent access by malicious code.
Starting ChromeDriver 74.0.3729.6 (255758eccf3d244491b8a1317aa76e1ce10d57e9-refs/branch-heads/3729@{#29}) on port 9830
Only local connections are allowed.
Please protect ports used by ChromeDriver and related test frameworks to prevent access by malicious code.
Starting ChromeDriver 74.0.3729.6 (255758eccf3d244491b8a1317aa76e1ce10d57e9-refs/branch-heads/3729@{#29}) on port 11415
Only local connections are allowed.
Please protect ports used by ChromeDriver and related test frameworks to prevent access by malicious code.
Starting ChromeDriver 74.0.3729.6 (255758eccf3d244491b8a1317aa76e1ce10d57e9-refs/branch-heads/3729@{#29}) on port 38426
Only local connections are allowed.
Please protect ports used by ChromeDriver and related test frameworks to prevent access by malicious code.
Starting ChromeDriver 74.0.3729.6 (255758eccf3d244491b8a1317aa76e1ce10d57e9-refs/branch-heads/3729@{#29}) on port 12117
Only local connections are allowed.
Please protect ports used by ChromeDriver and related test frameworks to prevent access by malicious code.
мая 30, 2019 9:12:44 PM org.openqa.selenium.remote.ProtocolHandshake createSession
INFO: Detected dialect: OSS
мая 30, 2019 9:12:44 PM org.openqa.selenium.remote.ProtocolHandshake createSession
INFO: Detected dialect: OSS
мая 30, 2019 9:12:44 PM org.openqa.selenium.remote.ProtocolHandshake createSession
INFO: Detected dialect: OSS
мая 30, 2019 9:12:44 PM org.openqa.selenium.remote.ProtocolHandshake createSession
INFO: Detected dialect: OSS
мая 30, 2019 9:12:44 PM org.openqa.selenium.remote.ProtocolHandshake createSession
INFO: Detected dialect: OSS
]]></system-err>
</testsuite>
